<?xml version="1.0" encoding="UTF-8"?>
<!-- Generated by org.testng.reporters.JUnitReportReporter -->
<testsuite hostname="DESKTOP-VJ8GD4N" failures="0" tests="8" name="com.newtour.TestCases.TC_NewtourTest" time="33.956" errors="0" timestamp="2023-12-26T14:29:32 IST" skipped="0">
  <testcase classname="com.newtour.TestCases.TC_NewtourTest" name="verifyRegister" time="8.146"/>
  <testcase classname="com.newtour.TestCases.TC_NewtourTest" name="clickOnSignOff" time="0.469"/>
  <testcase classname="com.newtour.TestCases.TC_NewtourTest" name="clickOnSignin" time="9.304"/>
  <testcase classname="com.newtour.TestCases.TC_NewtourTest" name="Flight" time="7.316"/>
  <testcase classname="com.newtour.TestCases.TC_NewtourTest" name="Hotels" time="2.128"/>
  <testcase classname="com.newtour.TestCases.TC_NewtourTest" name="carRent" time="1.664"/>
  <testcase classname="com.newtour.TestCases.TC_NewtourTest" name="Destination" time="2.212"/>
  <testcase classname="com.newtour.TestCases.TC_NewtourTest" name="Vacations" time="2.717"/>
</testsuite> <!-- com.newtour.TestCases.TC_NewtourTest -->
